0 info it worked if it ends with ok
1 verbose cli [ '/usr/bin/node',
1 verbose cli   '/usr/bin/npm',
1 verbose cli   'install',
1 verbose cli   'grunt',
1 verbose cli   'grunt-contib-less',
1 verbose cli   'grunt-contrib-watch',
1 verbose cli   'jit-grunt',
1 verbose cli   '--save-dev' ]
2 info using npm@1.4.28
3 info using node@v0.10.37
4 verbose node symlink /usr/bin/node
5 warn package.json holidays@1.0.0 No README data
6 verbose readDependencies using package.json deps
7 verbose cache add [ 'grunt', null ]
8 verbose cache add name=undefined spec="grunt" args=["grunt",null]
9 verbose parsed url { protocol: null,
9 verbose parsed url   slashes: null,
9 verbose parsed url   auth: null,
9 verbose parsed url   host: null,
9 verbose parsed url   port: null,
9 verbose parsed url   hostname: null,
9 verbose parsed url   hash: null,
9 verbose parsed url   search: null,
9 verbose parsed url   query: null,
9 verbose parsed url   pathname: 'grunt',
9 verbose parsed url   path: 'grunt',
9 verbose parsed url   href: 'grunt' }
10 verbose cache add [ 'grunt-contib-less', null ]
11 verbose cache add name=undefined spec="grunt-contib-less" args=["grunt-contib-less",null]
12 verbose parsed url { protocol: null,
12 verbose parsed url   slashes: null,
12 verbose parsed url   auth: null,
12 verbose parsed url   host: null,
12 verbose parsed url   port: null,
12 verbose parsed url   hostname: null,
12 verbose parsed url   hash: null,
12 verbose parsed url   search: null,
12 verbose parsed url   query: null,
12 verbose parsed url   pathname: 'grunt-contib-less',
12 verbose parsed url   path: 'grunt-contib-less',
12 verbose parsed url   href: 'grunt-contib-less' }
13 verbose cache add [ 'grunt-contrib-watch', null ]
14 verbose cache add name=undefined spec="grunt-contrib-watch" args=["grunt-contrib-watch",null]
15 verbose parsed url { protocol: null,
15 verbose parsed url   slashes: null,
15 verbose parsed url   auth: null,
15 verbose parsed url   host: null,
15 verbose parsed url   port: null,
15 verbose parsed url   hostname: null,
15 verbose parsed url   hash: null,
15 verbose parsed url   search: null,
15 verbose parsed url   query: null,
15 verbose parsed url   pathname: 'grunt-contrib-watch',
15 verbose parsed url   path: 'grunt-contrib-watch',
15 verbose parsed url   href: 'grunt-contrib-watch' }
16 verbose cache add [ 'jit-grunt', null ]
17 verbose cache add name=undefined spec="jit-grunt" args=["jit-grunt",null]
18 verbose parsed url { protocol: null,
18 verbose parsed url   slashes: null,
18 verbose parsed url   auth: null,
18 verbose parsed url   host: null,
18 verbose parsed url   port: null,
18 verbose parsed url   hostname: null,
18 verbose parsed url   hash: null,
18 verbose parsed url   search: null,
18 verbose parsed url   query: null,
18 verbose parsed url   pathname: 'jit-grunt',
18 verbose parsed url   path: 'jit-grunt',
18 verbose parsed url   href: 'jit-grunt' }
19 silly lockFile 20ff3fd8-grunt grunt
20 verbose lock grunt /home/leotheo/.npm/20ff3fd8-grunt.lock
21 silly lockFile b6e0aa50-grunt-contib-less grunt-contib-less
22 verbose lock grunt-contib-less /home/leotheo/.npm/b6e0aa50-grunt-contib-less.lock
23 silly lockFile 7f2b8bdb-grunt-contrib-watch grunt-contrib-watch
24 verbose lock grunt-contrib-watch /home/leotheo/.npm/7f2b8bdb-grunt-contrib-watch.lock
25 silly lockFile 81365c8f-jit-grunt jit-grunt
26 verbose lock jit-grunt /home/leotheo/.npm/81365c8f-jit-grunt.lock
27 silly lockFile 20ff3fd8-grunt grunt
28 silly lockFile 20ff3fd8-grunt grunt
29 silly lockFile b6e0aa50-grunt-contib-less grunt-contib-less
30 silly lockFile b6e0aa50-grunt-contib-less grunt-contib-less
31 silly lockFile 7f2b8bdb-grunt-contrib-watch grunt-contrib-watch
32 silly lockFile 7f2b8bdb-grunt-contrib-watch grunt-contrib-watch
33 silly lockFile 81365c8f-jit-grunt jit-grunt
34 silly lockFile 81365c8f-jit-grunt jit-grunt
35 verbose addNamed [ 'grunt', '' ]
36 verbose addNamed [ null, '*' ]
37 silly lockFile 55f1ff24-grunt grunt@
38 verbose lock grunt@ /home/leotheo/.npm/55f1ff24-grunt.lock
39 verbose addNamed [ 'grunt-contib-less', '' ]
40 verbose addNamed [ null, '*' ]
41 silly lockFile c808f83b-grunt-contib-less grunt-contib-less@
42 verbose lock grunt-contib-less@ /home/leotheo/.npm/c808f83b-grunt-contib-less.lock
43 verbose addNamed [ 'grunt-contrib-watch', '' ]
44 verbose addNamed [ null, '*' ]
45 silly lockFile b64937f1-grunt-contrib-watch grunt-contrib-watch@
46 verbose lock grunt-contrib-watch@ /home/leotheo/.npm/b64937f1-grunt-contrib-watch.lock
47 verbose addNamed [ 'jit-grunt', '' ]
48 verbose addNamed [ null, '*' ]
49 silly lockFile c8390f0e-jit-grunt jit-grunt@
50 verbose lock jit-grunt@ /home/leotheo/.npm/c8390f0e-jit-grunt.lock
51 silly addNameRange { name: 'grunt', range: '*', hasData: false }
52 silly addNameRange { name: 'grunt-contib-less', range: '*', hasData: false }
53 silly addNameRange { name: 'grunt-contrib-watch', range: '*', hasData: false }
54 silly addNameRange { name: 'jit-grunt', range: '*', hasData: false }
55 verbose request where is /grunt
56 verbose request registry https://registry.npmjs.org/
57 verbose request id 891a3a6aa44c76b7
58 verbose url raw /grunt
59 verbose url resolving [ 'https://registry.npmjs.org/', './grunt' ]
60 verbose url resolved https://registry.npmjs.org/grunt
61 verbose request where is https://registry.npmjs.org/grunt
62 info trying registry request attempt 1 at 15:10:24
63 verbose etag "DYPJ2XP1P41GWKJP4M5HHZJXL"
64 http GET https://registry.npmjs.org/grunt
65 verbose request where is /grunt-contib-less
66 verbose request registry https://registry.npmjs.org/
67 verbose url raw /grunt-contib-less
68 verbose url resolving [ 'https://registry.npmjs.org/', './grunt-contib-less' ]
69 verbose url resolved https://registry.npmjs.org/grunt-contib-less
70 verbose request where is https://registry.npmjs.org/grunt-contib-less
71 info trying registry request attempt 1 at 15:10:24
72 http GET https://registry.npmjs.org/grunt-contib-less
73 verbose request where is /grunt-contrib-watch
74 verbose request registry https://registry.npmjs.org/
75 verbose url raw /grunt-contrib-watch
76 verbose url resolving [ 'https://registry.npmjs.org/', './grunt-contrib-watch' ]
77 verbose url resolved https://registry.npmjs.org/grunt-contrib-watch
78 verbose request where is https://registry.npmjs.org/grunt-contrib-watch
79 info trying registry request attempt 1 at 15:10:24
80 verbose etag "BGC0YVAZYT3483LXF5G12KOOD"
81 http GET https://registry.npmjs.org/grunt-contrib-watch
82 verbose request where is /jit-grunt
83 verbose request registry https://registry.npmjs.org/
84 verbose url raw /jit-grunt
85 verbose url resolving [ 'https://registry.npmjs.org/', './jit-grunt' ]
86 verbose url resolved https://registry.npmjs.org/jit-grunt
87 verbose request where is https://registry.npmjs.org/jit-grunt
88 info trying registry request attempt 1 at 15:10:24
89 verbose etag "9KSYFY9M7ZHUQLTPCAFQ2S18P"
90 http GET https://registry.npmjs.org/jit-grunt
91 http 304 https://registry.npmjs.org/grunt-contrib-watch
92 silly registry.get cb [ 304,
92 silly registry.get   { date: 'Sat, 30 Jul 2016 14:10:24 GMT',
92 silly registry.get     via: '1.1 varnish',
92 silly registry.get     'cache-control': 'max-age=300',
92 silly registry.get     etag: '"BGC0YVAZYT3483LXF5G12KOOD"',
92 silly registry.get     age: '116',
92 silly registry.get     connection: 'keep-alive',
92 silly registry.get     'x-served-by': 'cache-lcy1124-LCY',
92 silly registry.get     'x-cache': 'HIT',
92 silly registry.get     'x-cache-hits': '2',
92 silly registry.get     'x-timer': 'S1469887824.369962,VS0,VE0',
92 silly registry.get     vary: 'Accept-Encoding' } ]
93 verbose etag https://registry.npmjs.org/grunt-contrib-watch from cache
94 http 304 https://registry.npmjs.org/grunt
95 silly registry.get cb [ 304,
95 silly registry.get   { date: 'Sat, 30 Jul 2016 14:10:24 GMT',
95 silly registry.get     via: '1.1 varnish',
95 silly registry.get     'cache-control': 'max-age=300',
95 silly registry.get     etag: '"DYPJ2XP1P41GWKJP4M5HHZJXL"',
95 silly registry.get     age: '158',
95 silly registry.get     connection: 'keep-alive',
95 silly registry.get     'x-served-by': 'cache-lcy1133-LCY',
95 silly registry.get     'x-cache': 'HIT',
95 silly registry.get     'x-cache-hits': '2',
95 silly registry.get     'x-timer': 'S1469887824.373698,VS0,VE0',
95 silly registry.get     vary: 'Accept-Encoding' } ]
96 verbose etag https://registry.npmjs.org/grunt from cache
97 silly addNameRange number 2 { name: 'grunt-contrib-watch', range: '*', hasData: true }
98 silly addNameRange versions [ 'grunt-contrib-watch',
98 silly addNameRange   [ '0.1.0',
98 silly addNameRange     '0.1.1',
98 silly addNameRange     '0.1.2',
98 silly addNameRange     '0.1.3',
98 silly addNameRange     '0.1.4',
98 silly addNameRange     '0.2.0',
98 silly addNameRange     '0.3.0',
98 silly addNameRange     '0.3.1',
98 silly addNameRange     '0.4.0',
98 silly addNameRange     '0.4.1',
98 silly addNameRange     '0.4.2',
98 silly addNameRange     '0.4.3',
98 silly addNameRange     '0.4.4',
98 silly addNameRange     '0.5.0',
98 silly addNameRange     '0.5.1',
98 silly addNameRange     '0.5.2',
98 silly addNameRange     '0.5.3',
98 silly addNameRange     '0.6.0',
98 silly addNameRange     '0.6.1',
98 silly addNameRange     '1.0.0',
98 silly addNameRange     '0.2.0-a',
98 silly addNameRange     '0.2.0-rc5',
98 silly addNameRange     '0.2.0-rc7' ] ]
99 verbose addNamed [ 'grunt-contrib-watch', '1.0.0' ]
100 verbose addNamed [ '1.0.0', '1.0.0' ]
101 silly lockFile 1aa728f2-grunt-contrib-watch-1-0-0 grunt-contrib-watch@1.0.0
102 verbose lock grunt-contrib-watch@1.0.0 /home/leotheo/.npm/1aa728f2-grunt-contrib-watch-1-0-0.lock
103 silly addNameRange number 2 { name: 'grunt', range: '*', hasData: true }
104 silly addNameRange versions [ 'grunt',
104 silly addNameRange   [ '0.1.0',
104 silly addNameRange     '0.1.1',
104 silly addNameRange     '0.1.2',
104 silly addNameRange     '0.2.0',
104 silly addNameRange     '0.2.1',
104 silly addNameRange     '0.2.2',
104 silly addNameRange     '0.2.3',
104 silly addNameRange     '0.2.4',
104 silly addNameRange     '0.2.5',
104 silly addNameRange     '0.2.6',
104 silly addNameRange     '0.2.7',
104 silly addNameRange     '0.2.8',
104 silly addNameRange     '0.2.9',
104 silly addNameRange     '0.2.10',
104 silly addNameRange     '0.2.11',
104 silly addNameRange     '0.2.12',
104 silly addNameRange     '0.2.13',
104 silly addNameRange     '0.2.14',
104 silly addNameRange     '0.2.15',
104 silly addNameRange     '0.3.0',
104 silly addNameRange     '0.3.1',
104 silly addNameRange     '0.3.2',
104 silly addNameRange     '0.3.3',
104 silly addNameRange     '0.3.4',
104 silly addNameRange     '0.3.5',
104 silly addNameRange     '0.3.6',
104 silly addNameRange     '0.3.7',
104 silly addNameRange     '0.3.8',
104 silly addNameRange     '0.3.9',
104 silly addNameRange     '0.3.10',
104 silly addNameRange     '0.3.11',
104 silly addNameRange     '0.3.12',
104 silly addNameRange     '0.3.13',
104 silly addNameRange     '0.3.14',
104 silly addNameRange     '0.3.15',
104 silly addNameRange     '0.3.16',
104 silly addNameRange     '0.3.17',
104 silly addNameRange     '0.4.0',
104 silly addNameRange     '0.4.1',
104 silly addNameRange     '0.4.2',
104 silly addNameRange     '0.4.3',
104 silly addNameRange     '0.4.4',
104 silly addNameRange     '0.4.5',
104 silly addNameRange     '1.0.0-rc1',
104 silly addNameRange     '1.0.0',
104 silly addNameRange     '1.0.1',
104 silly addNameRange     '0.3.13-a',
104 silly addNameRange     '0.4.0-a',
104 silly addNameRange     '0.4.0-rc1',
104 silly addNameRange     '0.4.0-rc2',
104 silly addNameRange     '0.4.0-rc3',
104 silly addNameRange     '0.4.0-rc4',
104 silly addNameRange     '0.4.0-rc5',
104 silly addNameRange     '0.4.0-rc6',
104 silly addNameRange     '0.4.0-rc7',
104 silly addNameRange     '0.4.0-rc8' ] ]
105 verbose addNamed [ 'grunt', '1.0.1' ]
106 verbose addNamed [ '1.0.1', '1.0.1' ]
107 silly lockFile 75468da5-grunt-1-0-1 grunt@1.0.1
108 verbose lock grunt@1.0.1 /home/leotheo/.npm/75468da5-grunt-1-0-1.lock
109 silly lockFile 1aa728f2-grunt-contrib-watch-1-0-0 grunt-contrib-watch@1.0.0
110 silly lockFile 1aa728f2-grunt-contrib-watch-1-0-0 grunt-contrib-watch@1.0.0
111 silly lockFile 75468da5-grunt-1-0-1 grunt@1.0.1
112 silly lockFile 75468da5-grunt-1-0-1 grunt@1.0.1
113 silly lockFile b64937f1-grunt-contrib-watch grunt-contrib-watch@
114 silly lockFile b64937f1-grunt-contrib-watch grunt-contrib-watch@
115 silly lockFile 55f1ff24-grunt grunt@
116 silly lockFile 55f1ff24-grunt grunt@
117 http 404 https://registry.npmjs.org/grunt-contib-less
118 silly registry.get cb [ 404,
118 silly registry.get   { 'content-type': 'application/json',
118 silly registry.get     'cache-control': 'max-age=0',
118 silly registry.get     'content-length': '2',
118 silly registry.get     'accept-ranges': 'bytes',
118 silly registry.get     date: 'Sat, 30 Jul 2016 14:10:24 GMT',
118 silly registry.get     via: '1.1 varnish',
118 silly registry.get     age: '0',
118 silly registry.get     connection: 'keep-alive',
118 silly registry.get     'x-served-by': 'cache-lcy1131-LCY',
118 silly registry.get     'x-cache': 'MISS',
118 silly registry.get     'x-cache-hits': '0',
118 silly registry.get     'x-timer': 'S1469887824.369757,VS0,VE193',
118 silly registry.get     vary: 'Accept-Encoding' } ]
119 silly lockFile c808f83b-grunt-contib-less grunt-contib-less@
120 silly lockFile c808f83b-grunt-contib-less grunt-contib-less@
121 http 304 https://registry.npmjs.org/jit-grunt
122 silly registry.get cb [ 304,
122 silly registry.get   { date: 'Sat, 30 Jul 2016 14:10:24 GMT',
122 silly registry.get     via: '1.1 varnish',
122 silly registry.get     'cache-control': 'max-age=300',
122 silly registry.get     etag: '"9KSYFY9M7ZHUQLTPCAFQ2S18P"',
122 silly registry.get     age: '0',
122 silly registry.get     connection: 'keep-alive',
122 silly registry.get     'x-served-by': 'cache-lcy1129-LCY',
122 silly registry.get     'x-cache': 'HIT',
122 silly registry.get     'x-cache-hits': '1',
122 silly registry.get     'x-timer': 'S1469887824.382685,VS0,VE353',
122 silly registry.get     vary: 'Accept-Encoding' } ]
123 verbose etag https://registry.npmjs.org/jit-grunt from cache
124 silly addNameRange number 2 { name: 'jit-grunt', range: '*', hasData: true }
125 silly addNameRange versions [ 'jit-grunt',
125 silly addNameRange   [ '0.0.1',
125 silly addNameRange     '0.1.0',
125 silly addNameRange     '0.1.1',
125 silly addNameRange     '0.1.2',
125 silly addNameRange     '0.2.0',
125 silly addNameRange     '0.2.1',
125 silly addNameRange     '0.2.2',
125 silly addNameRange     '0.2.3',
125 silly addNameRange     '0.3.0',
125 silly addNameRange     '0.3.1',
125 silly addNameRange     '0.3.2',
125 silly addNameRange     '0.4.0',
125 silly addNameRange     '0.4.1',
125 silly addNameRange     '0.4.2',
125 silly addNameRange     '0.5.0',
125 silly addNameRange     '0.6.0',
125 silly addNameRange     '0.7.0',
125 silly addNameRange     '0.7.1',
125 silly addNameRange     '0.8.0',
125 silly addNameRange     '0.9.0',
125 silly addNameRange     '0.9.1',
125 silly addNameRange     '0.10.0' ] ]
126 verbose addNamed [ 'jit-grunt', '0.10.0' ]
127 verbose addNamed [ '0.10.0', '0.10.0' ]
128 silly lockFile 3e965b7d-jit-grunt-0-10-0 jit-grunt@0.10.0
129 verbose lock jit-grunt@0.10.0 /home/leotheo/.npm/3e965b7d-jit-grunt-0-10-0.lock
130 silly lockFile 3e965b7d-jit-grunt-0-10-0 jit-grunt@0.10.0
131 silly lockFile 3e965b7d-jit-grunt-0-10-0 jit-grunt@0.10.0
132 silly lockFile c8390f0e-jit-grunt jit-grunt@
133 silly lockFile c8390f0e-jit-grunt jit-grunt@
134 error 404 Not Found
134 error 404
134 error 404 'grunt-contib-less' is not in the npm registry.
134 error 404 You should bug the author to publish it
134 error 404 It was specified as a dependency of 'holidays'
134 error 404
134 error 404 Note that you can also install from a
134 error 404 tarball, folder, or http url, or git url.
135 error System Linux 3.2.0-69-generic-pae
136 error command "/usr/bin/node" "/usr/bin/npm" "install" "grunt" "grunt-contib-less" "grunt-contrib-watch" "jit-grunt" "--save-dev"
137 error cwd /home/leotheo/projects/holidays
138 error node -v v0.10.37
139 error npm -v 1.4.28
140 error code E404
141 verbose exit [ 1, true ]
